<?xml version="1.0" encoding="UTF-8"?>
<testng-results ignored="0" total="1" passed="1" failed="0" skipped="0">
  <reporter-output>
  </reporter-output>
  <suite started-at="2023-02-07T12:15:30 IST" name="Suite" finished-at="2023-02-07T12:16:14 IST" duration-ms="43871">
    <groups>
    </groups>
    <test started-at="2023-02-07T12:15:30 IST" name="Test" finished-at="2023-02-07T12:16:14 IST" duration-ms="43871">
      <class name="demowebshop.TestComponents.SubmitOrderTest">
        <test-method is-config="true" signature="Initializedriver()[pri:0, instance:demowebshop.TestComponents.SubmitOrderTest@43dac38f]" started-at="2023-02-07T12:15:30 IST" name="Initializedriver" finished-at="2023-02-07T12:15:42 IST" duration-ms="11747" status="PASS">
          <reporter-output>
          </reporter-output>
        </test-method> <!-- Initializedriver -->
        <test-method signature="submitorder()[pri:0, instance:demowebshop.TestComponents.SubmitOrderTest@43dac38f]" started-at="2023-02-07T12:15:42 IST" name="submitorder" finished-at="2023-02-07T12:16:14 IST" duration-ms="31686" status="PASS">
          <reporter-output>
          </reporter-output>
        </test-method> <!-- submitorder -->
        <test-method is-config="true" signature="teardown()[pri:0, instance:demowebshop.TestComponents.SubmitOrderTest@43dac38f]" started-at="2023-02-07T12:16:14 IST" name="teardown" finished-at="2023-02-07T12:16:14 IST" duration-ms="326" status="PASS">
          <reporter-output>
          </reporter-output>
        </test-method> <!-- teardown -->
      </class> <!-- demowebshop.TestComponents.SubmitOrderTest -->
    </test> <!-- Test -->
  </suite> <!-- Suite -->
</testng-results>
